 1063  cd cs131/ws56/
 1064  ls
 1067  head 2019-01-h1.csv 
 1068  sed -n '2,$p' 2019-01-h1.csv | cut -d"," -f 1 > vendor2.csv 
 1069  head vendor2.csv 
 1072  wc vendor2.csv > ws56.txt
 1073  cat ws56.txt 
 1075  sed 's/[:\"-]//g' 2019-01-h1.csv > no-separators.csv
 1076  head -10 no-separators.csv 
 1078  head -10 no-separators.csv >> ws56.txt 
 1081  sed -e 's/[0-9]*\.[0-9]*//g' no-separators.csv > no-fractions.csv
 1082  head -10 no-fractions.csv 
 1083  head 2019-01-h1.csv 
 1084  head no-separators.csv 
 1085  sed 's/\([0-9]*\)\.[0-9]*\([,]\)/\1\2/g' no-separators.csv > no-fractions.csv 
 1088  head -n 10 no-fractions.csv 
 1090  head -10 no-fractions.csv >> ws56.txt 
 1091  vim ws56.txt 
 1092  head -10 2019-01-h1.csv 
 1093  awk -F, '$17 >= 10.0 {print $14}' 2019-01-h1.csv | sort | uniq -c | awk '{print $2","$1}' >> ws56.txt 
 1094  vim ws56.txt 
 1095  awk -F, '{print $14}' 2019-01-h1.csv | sort | uniq -c | sort -nr | head -n 20 >> ws56.txt
 1096  vim ws56.txt 
